
  SettingIds:
    (base58) TJe26GUTyppjrBcMVDKThbJ3Eu2AfYm3fH
    (hex) 415f181f1480bea504d6310cc7db1d1aea23be330c
  SettingsRegistry:
    (base58) TCbezyWfmKmChZihRpDaaKYAuUJnv55Zz1
    (hex) 411cd4edbec62f4bc43ffa3c6a58779242e82282e7
  RING:
    (base58) THHPMesNjPy2sw5zxcS3HiGWL6cjEvsmJe
    (hex) 41503903045cdaae9c10a440432b97714da874fffd
  KTON:
    (base58) TNR6xFobEHLWSa7FnEP93jXuSGv6bWWyG9
    (hex) 4188874688ab5a3b2afc6fffb9fee237b1487c8b58
  RINGAuthority:
    (base58) THRoz4uj1q57SrpACqgyS3mhJwzndnWu6M
    (hex) 4151d0e5d3b8d1706b4785cd02c3e36f8d9ac32ecf
  Replacing TakeBack...
  TakeBack:
    (base58) TGuCWBxvwMqWXJKGdSSd9seWyAhQchqk3K
    (hex) 414c06cd17c01006e01794ebbc64e1be4df359b175
  ContractFeatures:
    (base58) TVo5H7j6rEeacgLFcoGBwHSGcMXLpmTgiz
    (hex) 41d977e8bb03de15ffe33662bb6ed34f6bc929a603
  BancorFormula:
    (base58) TPCuio1uuZttxY9kKQPmZbzj9VZFg4cFs7
    (hex) 419131089f38bd7f264e43f2382fd386df0ec6b002
  Whitelist:
    (base58) TEJYsE365Jh9Vt4hM1HZEhvTxmHaN5vfNy
    (hex) 412f88fd23bfbca040450fd2a300f5405296d4b185
  TrxToken:
    (base58) TUh2Gkq1ZkQyZyfc2KZ9JQsMavWaY3Cdma
    (hex) 41cd5ac730df2305dbcc65a74290ed9492a862b3fa
  BancorNetwork:
    (base58) TJ9gGiDuLH17HRy5amhyxzSsLmSrLfq1uv
    (hex) 4159bbedfc43b1680626768d99d36fd680a72fab2b
  BancorConverter:
    (base58) TCSSsmmi2BbQLi4nQVCL4bsHtQSqz3muyQ
    (hex) 411b171074b0935778473bad8b682d3510eb96b823
  BancorExchange:
    (base58) TMjXmo4qT2sxD96TTZs5K5AtpznpxtihaP
    (hex) 41810b5afe3de7fa5ccc41b70c2f255e8c242c9000
  GringottsBank:
    (base58) TTW2Vpr9TCu6gxGZ1yjwqy7R79hEH8iscC
    (hex) 41c04e43cb87b432329a32aa99605982590b0191ec
  MintAndBurnAuthority:
    (base58) TXGgpS8WzM1P1kwaH5ZiqYNkttJycfbkHB
    (hex) 41e9a8eee09e377f29f460286d8465ead6e8b4caba